<?xml version="1.0" encoding="UTF-8"?>
<testsuite xmlns:xsi="http://www.w3.org/2001/XMLSchema-instance" xsi:noNamespaceSchemaLocation="https://maven.apache.org/surefire/maven-surefire-plugin/xsd/surefire-test-report-3.0.xsd" version="3.0" name="SolActividad3Test" time="0.068" tests="10" errors="0" skipped="0" failures="0">
  <properties>
    <property name="java.specification.version" value="19"/>
    <property name="sun.cpu.isalist" value="amd64"/>
    <property name="sun.jnu.encoding" value="Cp1252"/>
    <property name="java.class.path" value="H:\UNI 2024 - 25\1º Cuatrimestre\AEDII (Algoritmos y Estructura de Datos II)\Práctica\RepasoExamen\Actividad3\target\test-classes;H:\UNI 2024 - 25\1º Cuatrimestre\AEDII (Algoritmos y Estructura de Datos II)\Práctica\RepasoExamen\Actividad3\target\classes;C:\Users\ismae\.m2\repository\junit\junit\4.13.2\junit-4.13.2.jar;C:\Users\ismae\.m2\repository\org\hamcrest\hamcrest-core\1.3\hamcrest-core-1.3.jar;"/>
    <property name="java.vm.vendor" value="Oracle Corporation"/>
    <property name="sun.arch.data.model" value="64"/>
    <property name="user.variant" value=""/>
    <property name="java.vendor.url" value="https://java.oracle.com/"/>
    <property name="user.timezone" value="Europe/Madrid"/>
    <property name="os.name" value="Windows 10"/>
    <property name="java.vm.specification.version" value="19"/>
    <property name="user.country" value="ES"/>
    <property name="sun.java.launcher" value="SUN_STANDARD"/>
    <property name="sun.boot.library.path" value="C:\Program Files\Java\jdk-19\bin"/>
    <property name="sun.java.command" value="C:\Users\ismae\AppData\Local\Temp\surefire6552965746729397268\surefirebooter-20241027143337164_3.jar C:\Users\ismae\AppData\Local\Temp\surefire6552965746729397268 2024-10-27T14-33-36_987-jvmRun1 surefire-20241027143337164_1tmp surefire_0-20241027143337164_2tmp"/>
    <property name="jdk.debug" value="release"/>
    <property name="test" value="SolActividad3Test"/>
    <property name="surefire.test.class.path" value="H:\UNI 2024 - 25\1º Cuatrimestre\AEDII (Algoritmos y Estructura de Datos II)\Práctica\RepasoExamen\Actividad3\target\test-classes;H:\UNI 2024 - 25\1º Cuatrimestre\AEDII (Algoritmos y Estructura de Datos II)\Práctica\RepasoExamen\Actividad3\target\classes;C:\Users\ismae\.m2\repository\junit\junit\4.13.2\junit-4.13.2.jar;C:\Users\ismae\.m2\repository\org\hamcrest\hamcrest-core\1.3\hamcrest-core-1.3.jar;"/>
    <property name="sun.cpu.endian" value="little"/>
    <property name="user.home" value="C:\Users\ismae"/>
    <property name="user.language" value="es"/>
    <property name="java.specification.vendor" value="Oracle Corporation"/>
    <property name="java.version.date" value="2022-10-18"/>
    <property name="java.home" value="C:\Program Files\Java\jdk-19"/>
    <property name="file.separator" value="\"/>
    <property name="basedir" value="H:\UNI 2024 - 25\1º Cuatrimestre\AEDII (Algoritmos y Estructura de Datos II)\Práctica\RepasoExamen\Actividad3"/>
    <property name="java.vm.compressedOopsMode" value="Zero based"/>
    <property name="line.separator" value="&#10;"/>
    <property name="java.vm.specification.vendor" value="Oracle Corporation"/>
    <property name="java.specification.name" value="Java Platform API Specification"/>
    <property name="surefire.real.class.path" value="C:\Users\ismae\AppData\Local\Temp\surefire6552965746729397268\surefirebooter-20241027143337164_3.jar"/>
    <property name="user.script" value=""/>
    <property name="sun.management.compiler" value="HotSpot 64-Bit Tiered Compilers"/>
    <property name="java.runtime.version" value="19.0.1+10-21"/>
    <property name="user.name" value="Ismael"/>
    <property name="stdout.encoding" value="Cp1252"/>
    <property name="path.separator" value=";"/>
    <property name="os.version" value="10.0"/>
    <property name="java.runtime.name" value="Java(TM) SE Runtime Environment"/>
    <property name="file.encoding" value="UTF-8"/>
    <property name="java.vm.name" value="Java HotSpot(TM) 64-Bit Server VM"/>
    <property name="maven.ext.class.path" value="G:\NetBeans-20\netbeans\java\maven-nblib\netbeans-eventspy.jar"/>
    <property name="localRepository" value="C:\Users\ismae\.m2\repository"/>
    <property name="java.vendor.url.bug" value="https://bugreport.java.com/bugreport/"/>
    <property name="java.io.tmpdir" value="C:\Users\ismae\AppData\Local\Temp\"/>
    <property name="java.version" value="19.0.1"/>
    <property name="user.dir" value="H:\UNI 2024 - 25\1º Cuatrimestre\AEDII (Algoritmos y Estructura de Datos II)\Práctica\RepasoExamen\Actividad3"/>
    <property name="os.arch" value="amd64"/>
    <property name="java.vm.specification.name" value="Java Virtual Machine Specification"/>
    <property name="sun.os.patch.level" value=""/>
    <property name="native.encoding" value="Cp1252"/>
    <property name="java.library.path" value="C:\Program Files\Java\jdk-19\bin;C:\WINDOWS\Sun\Java\bin;C:\WINDOWS\system32;C:\WINDOWS;C:\Program Files\Common Files\Oracle\Java\javapath;C:\Program Files (x86)\Common Files\Oracle\Java\javapath;C:\Program Files (x86)\Intel\iCLS Client\;C:\Program Files\Intel\iCLS Client\;C:\windows\system32;C:\windows;C:\windows\System32\Wbem;C:\windows\System32\WindowsPowerShell\v1.0\;C:\Program Files (x86)\Intel\Intel(R) Management Engine Components\DAL;C:\Program Files\Intel\Intel(R) Management Engine Components\DAL;C:\Program Files (x86)\Intel\Intel(R) Management Engine Components\IPT;C:\Program Files\Intel\Intel(R) Management Engine Components\IPT;C:\WINDOWS\system32;C:\WINDOWS;C:\WINDOWS\System32\Wbem;C:\WINDOWS\System32\WindowsPowerShell\v1.0\;C:\WINDOWS\System32\OpenSSH\;C:\WINDOWS\system32;C:\WINDOWS;C:\WINDOWS\System32\Wbem;C:\WINDOWS\System32\WindowsPowerShell\v1.0\;C:\WINDOWS\System32\OpenSSH\;D:\AutoFirma\AutoFirma;H:\AutoFirma\AutoFirma;C:\Program Files\NVIDIA Corporation\NVIDIA NvDLISR;C:\Users\ismae\AppData\Local\Microsoft\WindowsApps;C:\Users\ismae\AppData\Local\Programs\Microsoft VS Code\bin;C:\Users\ismae\AppData\Local\GitHubDesktop\bin;C:\ProgramData\Ismael\GitHubDesktop\bin;C:\Users\ismae\.bun\bin;."/>
    <property name="java.vm.info" value="mixed mode, sharing"/>
    <property name="stderr.encoding" value="Cp1252"/>
    <property name="java.vendor" value="Oracle Corporation"/>
    <property name="java.vm.version" value="19.0.1+10-21"/>
    <property name="sun.io.unicode.encoding" value="UnicodeLittle"/>
    <property name="java.class.version" value="63.0"/>
  </properties>
  <testcase name="testVacioEsCamino" classname="SolActividad3Test" time="0.015">
    <system-out><![CDATA[Test 'esCamino' con árbol vacío y camino vacio
]]></system-out>
  </testcase>
  <testcase name="testGetPadre" classname="SolActividad3Test" time="0.001">
    <system-out><![CDATA[Test 'getPadre' con arbolCamino y elemento 4
]]></system-out>
  </testcase>
  <testcase name="testConstruir2" classname="SolActividad3Test" time="0.001">
    <system-out><![CDATA[Test 'construir' a partir de recorridos '7635218' y '3657128'
]]></system-out>
  </testcase>
  <testcase name="testEsCamino2" classname="SolActividad3Test" time="0.001">
    <system-out><![CDATA[Test 'esCamino' con árbol 'arbolCamino' y camino '721'
]]></system-out>
  </testcase>
  <testcase name="testGetPadreHoja" classname="SolActividad3Test" time="0.001">
    <system-out><![CDATA[Test 'getPadre' con arbolCamino y elemento 1
]]></system-out>
  </testcase>
  <testcase name="testGetPadreNodo" classname="SolActividad3Test" time="0.0">
    <system-out><![CDATA[Test 'getPadre' con arbolCamino y elemento 2
]]></system-out>
  </testcase>
  <testcase name="testGetPadreRaiz" classname="SolActividad3Test" time="0.001">
    <system-out><![CDATA[Test 'getPadre' con arbolCamino y elemento 7
]]></system-out>
  </testcase>
  <testcase name="testConstruir" classname="SolActividad3Test" time="0.001">
    <system-out><![CDATA[Test 'construir' a partir de recorridos '3' y '3'
]]></system-out>
  </testcase>
  <testcase name="testNoEsCamino" classname="SolActividad3Test" time="0.001">
    <system-out><![CDATA[Test 'esCamino' con árbol 'arbolCamino' y camino '5'
]]></system-out>
  </testcase>
  <testcase name="testEsCamino" classname="SolActividad3Test" time="0.001">
    <system-out><![CDATA[Test 'esCamino' con árbol 'arbolCamino' y camino '763'
]]></system-out>
  </testcase>
</testsuite>